<?xml version="1.0" encoding="UTF-8"?>
<!-- Generated by org.testng.reporters.JUnitReportReporter -->
<testsuite hostname="DESKTOP-AMG9M4J" name="com.test.TestngBasics" tests="2" failures="0" timestamp="12 Oct 2020 06:14:16 GMT" time="0.013" errors="0">
  <testcase name="searchTest" time="0.005" classname="com.test.TestngBasics"/>
  <testcase name="googleTitleTest" time="0.008" classname="com.test.TestngBasics"/>
</testsuite> <!-- com.test.TestngBasics -->
