<?xml version="1.0" encoding="UTF-8"?>
<!-- Generated by org.testng.reporters.JUnitReportReporter -->
<testsuite hostname="DESKTOP-AMG9M4J" name="com.test.ExceptionTimeoutTest" tests="1" failures="0" timestamp="12 Oct 2020 06:14:16 GMT" time="0.002" errors="0">
  <testcase name="test1" time="0.002" classname="com.test.ExceptionTimeoutTest"/>
</testsuite> <!-- com.test.ExceptionTimeoutTest -->
