<?xml version="1.0" encoding="UTF-8"?>
<!-- Generated by org.testng.reporters.JUnitReportReporter -->
<testsuite hostname="DESKTOP-AMG9M4J" name="com.test.InvocationCountTest" tests="7" failures="0" timestamp="12 Oct 2020 06:14:16 GMT" time="165.757" errors="0">
  <testcase name="checkBoxTest" time="13.758" classname="com.test.InvocationCountTest"/>
  <testcase name="loginTest" time="14.929" classname="com.test.InvocationCountTest"/>
  <testcase name="rememberTest" time="14.634" classname="com.test.InvocationCountTest"/>
  <testcase name="rememberTest" time="18.394" classname="com.test.InvocationCountTest"/>
  <testcase name="rememberTest" time="46.213" classname="com.test.InvocationCountTest"/>
  <testcase name="rememberTest" time="25.745" classname="com.test.InvocationCountTest"/>
  <testcase name="rememberTest" time="32.084" classname="com.test.InvocationCountTest"/>
</testsuite> <!-- com.test.InvocationCountTest -->
