<?xml version="1.0" encoding="UTF-8"?>
<!-- Generated by org.testng.reporters.JUnitReportReporter -->
<testsuite hostname="DESKTOP-AMG9M4J" name="com.test.GooglePageTest" tests="3" failures="0" timestamp="12 Oct 2020 06:14:16 GMT" time="29.143" errors="0">
  <testcase name="checkBoxTest" time="9.153" classname="com.test.GooglePageTest"/>
  <testcase name="rememberTest" time="9.886" classname="com.test.GooglePageTest"/>
  <testcase name="loginTest" time="10.104" classname="com.test.GooglePageTest"/>
</testsuite> <!-- com.test.GooglePageTest -->
