<?xml version="1.0" encoding="UTF-8"?>
<!-- Generated by org.testng.reporters.JUnitReportReporter -->
<testsuite hostname="DESKTOP-AMG9M4J" name="com.test.AssertionConcept" tests="4" failures="0" timestamp="12 Oct 2020 06:14:16 GMT" time="60.062" errors="0">
  <testcase name="navigateTest" time="18.800" classname="com.test.AssertionConcept"/>
  <testcase name="rememberTest" time="14.415" classname="com.test.AssertionConcept"/>
  <testcase name="checkBoxTest" time="14.899" classname="com.test.AssertionConcept"/>
  <testcase name="loginTest" time="11.948" classname="com.test.AssertionConcept"/>
</testsuite> <!-- com.test.AssertionConcept -->
