<?xml version="1.0" encoding="UTF-8"?>
<!-- Generated by org.testng.reporters.JUnitReportReporter -->
<testsuite hostname="DESKTOP-AMG9M4J" name="com.test.TestngFeatures" tests="2" failures="0" timestamp="12 Oct 2020 06:14:16 GMT" time="0.010" errors="0">
  <testcase name="HomePageTest" time="0.003" classname="com.test.TestngFeatures"/>
  <testcase name="loginTest" time="0.007" classname="com.test.TestngFeatures"/>
</testsuite> <!-- com.test.TestngFeatures -->
